<?xml version="1.0" encoding="UTF-8"?>
<!-- Generated by org.testng.reporters.JUnitReportReporter -->
<testsuite hostname="Vick" failures="0" tests="2" name="testCases.TC_001_AccountRegistrationTest" time="12.474" errors="0" timestamp="2025-01-21T17:58:42 IST" skipped="0">
  <testcase classname="testCases.TC_001_AccountRegistrationTest" name="verify_account_registration" time="4.348"/>
  <testcase classname="testCases.TC_001_AccountRegistrationTest" name="verify_account_registration" time="8.126"/>
</testsuite> <!-- testCases.TC_001_AccountRegistrationTest -->
