<?xml version="1.0" encoding="UTF-8"?>
<!-- Generated by org.testng.reporters.JUnitReportReporter -->
<testsuite hostname="Vick" failures="0" tests="2" name="testCases.TC_002_LoginTest" time="6.644" errors="0" timestamp="2025-01-21T17:58:42 IST" skipped="0">
  <testcase classname="testCases.TC_002_LoginTest" name="TestLogin" time="3.138"/>
  <testcase classname="testCases.TC_002_LoginTest" name="TestLogin" time="3.506"/>
</testsuite> <!-- testCases.TC_002_LoginTest -->
