<?xml version="1.0" encoding="UTF-8"?>
<!-- Generated by org.testng.reporters.JUnitReportReporter -->
<testsuite hostname="Vick" failures="0" tests="2" name="testCases.TC001_AccountRegistrationTest" time="10.831" errors="0" timestamp="2025-01-15T16:37:02 IST" skipped="0">
  <testcase classname="testCases.TC001_AccountRegistrationTest" name="verify_account_registration" time="3.876"/>
  <testcase classname="testCases.TC001_AccountRegistrationTest" name="verify_account_registration" time="6.955"/>
</testsuite> <!-- testCases.TC001_AccountRegistrationTest -->
