<?xml version="1.0" encoding="UTF-8"?>
<!-- Generated by org.testng.reporters.JUnitReportReporter -->
<testsuite hostname="Vick" failures="0" tests="1" name="testCases.TC_002_LoginTest" time="2.036" errors="0" timestamp="2025-02-01T20:41:38 IST" skipped="0">
  <testcase classname="testCases.TC_002_LoginTest" name="TestLogin" time="2.036"/>
</testsuite> <!-- testCases.TC_002_LoginTest -->
